<?xml version="1.0" encoding="UTF-8"?>
<testng-results ignored="0" total="1" passed="1" failed="0" skipped="0">
  <reporter-output>
  </reporter-output>
  <suite started-at="2020-03-11T13:19:12Z" name="Default suite" finished-at="2020-03-11T13:19:29Z" duration-ms="17329">
    <groups>
    </groups>
    <test started-at="2020-03-11T13:19:12Z" name="Default test" finished-at="2020-03-11T13:19:29Z" duration-ms="17329">
      <class name="com.keyworddriven.tests.FbLoginTest">
        <test-method signature="loginTest()[pri:0, instance:com.keyworddriven.tests.FbLoginTest@60611244]" started-at="2020-03-11T13:19:12Z" name="loginTest" finished-at="2020-03-11T13:19:29Z" duration-ms="17311" status="PASS">
          <reporter-output>
          </reporter-output>
        </test-method> <!-- loginTest -->
      </class> <!-- com.keyworddriven.tests.FbLoginTest -->
    </test> <!-- Default test -->
  </suite> <!-- Default suite -->
</testng-results>
